C:\USERS\NAKAMURA\DESKTOP\PT\DEBUG\C_LINE.OBJ
C:\USERS\NAKAMURA\DESKTOP\PT\DEBUG\C_ODD.OBJ
C:\USERS\NAKAMURA\DESKTOP\PT\DEBUG\C_PROB.OBJ
C:\Users\nakamura\Desktop\PT\Debug\cl.command.1.tlog
C:\Users\nakamura\Desktop\PT\Debug\CL.read.1.tlog
C:\Users\nakamura\Desktop\PT\Debug\CL.write.1.tlog
C:\USERS\NAKAMURA\DESKTOP\PT\DEBUG\CS_SCENE.OBJ
C:\USERS\NAKAMURA\DESKTOP\PT\DEBUG\DATATRANSITIONS.OBJ
C:\USERS\NAKAMURA\DESKTOP\PT\DEBUG\DATAVECTOR.OBJ
C:\USERS\NAKAMURA\DESKTOP\PT\DEBUG\DXCOMMON.OBJ
C:\USERS\NAKAMURA\DESKTOP\PT\DEBUG\GAME.OBJ
C:\USERS\NAKAMURA\DESKTOP\PT\DEBUG\GAMEDEFINE.OBJ
C:\USERS\NAKAMURA\DESKTOP\PT\DEBUG\LIGHTS.EXE
C:\USERS\NAKAMURA\DESKTOP\PT\DEBUG\LIGHTS.EXE.EMBED.MANIFEST
C:\USERS\NAKAMURA\DESKTOP\PT\DEBUG\LIGHTS.EXE.EMBED.MANIFEST.RES
C:\USERS\NAKAMURA\DESKTOP\PT\DEBUG\LIGHTS.EXE.INTERMEDIATE.MANIFEST
C:\USERS\NAKAMURA\DESKTOP\PT\DEBUG\LIGHTS.ILK
C:\USERS\NAKAMURA\DESKTOP\PT\DEBUG\LIGHTS.PDB
C:\USERS\NAKAMURA\DESKTOP\PT\DEBUG\LIGHTS.RES
C:\Users\nakamura\Desktop\PT\Debug\Lights_manifest.rc
C:\Users\nakamura\Desktop\PT\Debug\link.3708.read.1.tlog
C:\Users\nakamura\Desktop\PT\Debug\link.3708.write.1.tlog
C:\Users\nakamura\Desktop\PT\Debug\link.3708-cvtres.read.1.tlog
C:\Users\nakamura\Desktop\PT\Debug\link.3708-cvtres.write.1.tlog
C:\Users\nakamura\Desktop\PT\Debug\link.4028.read.1.tlog
C:\Users\nakamura\Desktop\PT\Debug\link.4028.write.1.tlog
C:\Users\nakamura\Desktop\PT\Debug\link.4028-cvtres.read.1.tlog
C:\Users\nakamura\Desktop\PT\Debug\link.4028-cvtres.write.1.tlog
C:\Users\nakamura\Desktop\PT\Debug\link.4788.read.1.tlog
C:\Users\nakamura\Desktop\PT\Debug\link.4788.write.1.tlog
C:\Users\nakamura\Desktop\PT\Debug\link.4788-cvtres.read.1.tlog
C:\Users\nakamura\Desktop\PT\Debug\link.4788-cvtres.write.1.tlog
C:\Users\nakamura\Desktop\PT\Debug\link.5284.read.1.tlog
C:\Users\nakamura\Desktop\PT\Debug\link.5284.write.1.tlog
C:\Users\nakamura\Desktop\PT\Debug\link.5284-cvtres.read.1.tlog
C:\Users\nakamura\Desktop\PT\Debug\link.5284-cvtres.write.1.tlog
C:\Users\nakamura\Desktop\PT\Debug\link.5816.read.1.tlog
C:\Users\nakamura\Desktop\PT\Debug\link.5816.write.1.tlog
C:\Users\nakamura\Desktop\PT\Debug\link.5816-cvtres.read.1.tlog
C:\Users\nakamura\Desktop\PT\Debug\link.5816-cvtres.write.1.tlog
C:\Users\nakamura\Desktop\PT\Debug\link.command.1.tlog
C:\Users\nakamura\Desktop\PT\Debug\link.read.1.tlog
C:\Users\nakamura\Desktop\PT\Debug\link.write.1.tlog
C:\Users\nakamura\Desktop\PT\Debug\link-cvtres.read.1.tlog
C:\Users\nakamura\Desktop\PT\Debug\link-cvtres.write.1.tlog
C:\USERS\NAKAMURA\DESKTOP\PT\DEBUG\MAIN.OBJ
C:\Users\nakamura\Desktop\PT\Debug\mt.command.1.tlog
C:\Users\nakamura\Desktop\PT\Debug\mt.read.1.tlog
C:\Users\nakamura\Desktop\PT\Debug\mt.write.1.tlog
C:\USERS\NAKAMURA\DESKTOP\PT\DEBUG\ORFUN_DEBUG.OBJ
C:\USERS\NAKAMURA\DESKTOP\PT\DEBUG\ORFUN_DXWORD.OBJ
C:\USERS\NAKAMURA\DESKTOP\PT\DEBUG\ORFUN_IUPUT.OBJ
C:\USERS\NAKAMURA\DESKTOP\PT\DEBUG\ORFUN_LIBCORE.OBJ
C:\USERS\NAKAMURA\DESKTOP\PT\DEBUG\ORFUN_RENDERINGTEXTURE.OBJ
C:\USERS\NAKAMURA\DESKTOP\PT\DEBUG\ORFUN_WINDOW.OBJ
C:\USERS\NAKAMURA\DESKTOP\PT\DEBUG\R_ADVECTOR.OBJ
C:\USERS\NAKAMURA\DESKTOP\PT\DEBUG\R_DEBUG.OBJ
C:\USERS\NAKAMURA\DESKTOP\PT\DEBUG\R_DEBUGNEST.OBJ
C:\USERS\NAKAMURA\DESKTOP\PT\DEBUG\R_DXWORD.OBJ
C:\USERS\NAKAMURA\DESKTOP\PT\DEBUG\R_INPUT.OBJ
C:\USERS\NAKAMURA\DESKTOP\PT\DEBUG\R_LIBCORE.OBJ
C:\USERS\NAKAMURA\DESKTOP\PT\DEBUG\R_LIST.OBJ
C:\USERS\NAKAMURA\DESKTOP\PT\DEBUG\R_MATH.OBJ
C:\USERS\NAKAMURA\DESKTOP\PT\DEBUG\R_MATHANGLE.OBJ
C:\USERS\NAKAMURA\DESKTOP\PT\DEBUG\R_MATHVECTOR.OBJ
C:\USERS\NAKAMURA\DESKTOP\PT\DEBUG\R_MATHWORD.OBJ
C:\USERS\NAKAMURA\DESKTOP\PT\DEBUG\R_RENDERER.OBJ
C:\USERS\NAKAMURA\DESKTOP\PT\DEBUG\R_RENDERINGTEXTURE.OBJ
C:\USERS\NAKAMURA\DESKTOP\PT\DEBUG\R_RENDERINGTEXTURENEST.OBJ
C:\USERS\NAKAMURA\DESKTOP\PT\DEBUG\R_RESOURCELIST.OBJ
C:\USERS\NAKAMURA\DESKTOP\PT\DEBUG\R_RESOURCENEST.OBJ
C:\USERS\NAKAMURA\DESKTOP\PT\DEBUG\R_SCREEN.OBJ
C:\USERS\NAKAMURA\DESKTOP\PT\DEBUG\R_SCREENDATA.OBJ
C:\USERS\NAKAMURA\DESKTOP\PT\DEBUG\R_STRINGS.OBJ
C:\USERS\NAKAMURA\DESKTOP\PT\DEBUG\R_STRINGVECTOR.OBJ
C:\USERS\NAKAMURA\DESKTOP\PT\DEBUG\R_WINDOW.OBJ
C:\USERS\NAKAMURA\DESKTOP\PT\DEBUG\R_WINDOWPRO.OBJ
C:\Users\nakamura\Desktop\PT\Debug\rc.command.1.tlog
C:\Users\nakamura\Desktop\PT\Debug\rc.read.1.tlog
C:\Users\nakamura\Desktop\PT\Debug\rc.write.1.tlog
C:\USERS\NAKAMURA\DESKTOP\PT\DEBUG\RESOURCE.OBJ
C:\USERS\NAKAMURA\DESKTOP\PT\DEBUG\RL_2DPORIGON.OBJ
C:\USERS\NAKAMURA\DESKTOP\PT\DEBUG\RL_DOWNSAMPLING.OBJ
C:\USERS\NAKAMURA\DESKTOP\PT\DEBUG\RL_FIGURELIB.OBJ
C:\USERS\NAKAMURA\DESKTOP\PT\DEBUG\RL_FIGURENEST.OBJ
C:\USERS\NAKAMURA\DESKTOP\PT\DEBUG\RL_LINEREADER.OBJ
C:\USERS\NAKAMURA\DESKTOP\PT\DEBUG\RL_PROBREADER.OBJ
C:\USERS\NAKAMURA\DESKTOP\PT\DEBUG\RL_READER.OBJ
C:\USERS\NAKAMURA\DESKTOP\PT\DEBUG\RL_TEXTURE.OBJ
C:\USERS\NAKAMURA\DESKTOP\PT\DEBUG\RL_TEXTURELIB.OBJ
C:\USERS\NAKAMURA\DESKTOP\PT\DEBUG\RL_TEXTURENEST.OBJ
C:\USERS\NAKAMURA\DESKTOP\PT\DEBUG\S_BASE.OBJ
C:\Users\nakamura\Desktop\PT\Debug\vc100.idb
C:\USERS\NAKAMURA\DESKTOP\PT\DEBUG\VC100.PDB
