C:\USERS\H_NAKAMURA\DESKTOP\TFVIS2\TVIS2\DEBUG\CONP.OBJ
C:\USERS\H_NAKAMURA\DESKTOP\TFVIS2\TVIS2\DEBUG\DATABASE.OBJ
C:\USERS\H_NAKAMURA\DESKTOP\TFVIS2\TVIS2\DEBUG\DATATRANSITIONS.OBJ
C:\USERS\H_NAKAMURA\DESKTOP\TFVIS2\TVIS2\DEBUG\DB_CREATEDTTABLE.OBJ
C:\USERS\H_NAKAMURA\DESKTOP\TFVIS2\TVIS2\DEBUG\DB_LOAD.OBJ
C:\USERS\H_NAKAMURA\DESKTOP\TFVIS2\TVIS2\DEBUG\DB_SETRELATION_METHODEXE.OBJ
C:\USERS\H_NAKAMURA\DESKTOP\TFVIS2\TVIS2\DEBUG\DRAW.OBJ
C:\USERS\H_NAKAMURA\DESKTOP\TFVIS2\TVIS2\DEBUG\DT_CODE.OBJ
C:\USERS\H_NAKAMURA\DESKTOP\TFVIS2\TVIS2\DEBUG\DT_CONDITION.OBJ
C:\USERS\H_NAKAMURA\DESKTOP\TFVIS2\TVIS2\DEBUG\DT_LOOP.OBJ
C:\USERS\H_NAKAMURA\DESKTOP\TFVIS2\TVIS2\DEBUG\DT_METHOD.OBJ
C:\USERS\H_NAKAMURA\DESKTOP\TFVIS2\TVIS2\DEBUG\DT_OTHERS.OBJ
C:\USERS\H_NAKAMURA\DESKTOP\TFVIS2\TVIS2\DEBUG\DT_TABLE.OBJ
C:\USERS\H_NAKAMURA\DESKTOP\TFVIS2\TVIS2\DEBUG\DT_VARIABLEUPDATE.OBJ
C:\USERS\H_NAKAMURA\DESKTOP\TFVIS2\TVIS2\DEBUG\DTCOM.OBJ
C:\USERS\H_NAKAMURA\DESKTOP\TFVIS2\TVIS2\DEBUG\DXCOMMON.OBJ
C:\USERS\H_NAKAMURA\DESKTOP\TFVIS2\TVIS2\DEBUG\ED_FIGURES.OBJ
C:\USERS\H_NAKAMURA\DESKTOP\TFVIS2\TVIS2\DEBUG\ED_METHODS.OBJ
C:\USERS\H_NAKAMURA\DESKTOP\TFVIS2\TVIS2\DEBUG\ED_OTHER.OBJ
C:\USERS\H_NAKAMURA\DESKTOP\TFVIS2\TVIS2\DEBUG\EVENT.OBJ
C:\USERS\H_NAKAMURA\DESKTOP\TFVIS2\TVIS2\DEBUG\EXE.OBJ
C:\USERS\H_NAKAMURA\DESKTOP\TFVIS2\TVIS2\DEBUG\EXECUTIONDIAGRAM.OBJ
C:\USERS\H_NAKAMURA\DESKTOP\TFVIS2\TVIS2\DEBUG\EXEREADER.OBJ
C:\USERS\H_NAKAMURA\DESKTOP\TFVIS2\TVIS2\DEBUG\GAME.OBJ
C:\USERS\H_NAKAMURA\DESKTOP\TFVIS2\TVIS2\DEBUG\GAMEDEFINE.OBJ
C:\USERS\H_NAKAMURA\DESKTOP\TFVIS2\TVIS2\DEBUG\LIGHTS.RES
C:\USERS\H_NAKAMURA\DESKTOP\TFVIS2\TVIS2\DEBUG\LINEREADER.OBJ
C:\USERS\H_NAKAMURA\DESKTOP\TFVIS2\TVIS2\DEBUG\MAIN.OBJ
C:\USERS\H_NAKAMURA\DESKTOP\TFVIS2\TVIS2\DEBUG\MENU.OBJ
C:\USERS\H_NAKAMURA\DESKTOP\TFVIS2\TVIS2\DEBUG\METHOD.OBJ
C:\USERS\H_NAKAMURA\DESKTOP\TFVIS2\TVIS2\DEBUG\ORFUN_DXWORD.OBJ
C:\USERS\H_NAKAMURA\DESKTOP\TFVIS2\TVIS2\DEBUG\ORFUN_IUPUT.OBJ
C:\USERS\H_NAKAMURA\DESKTOP\TFVIS2\TVIS2\DEBUG\ORFUN_LIBCORE.OBJ
C:\USERS\H_NAKAMURA\DESKTOP\TFVIS2\TVIS2\DEBUG\ORFUN_RENDERINGTEXTURE.OBJ
C:\USERS\H_NAKAMURA\DESKTOP\TFVIS2\TVIS2\DEBUG\ORFUN_WINDOW.OBJ
C:\USERS\H_NAKAMURA\DESKTOP\TFVIS2\TVIS2\DEBUG\OTHERS.OBJ
C:\USERS\H_NAKAMURA\DESKTOP\TFVIS2\TVIS2\DEBUG\OUTPUT.OBJ
C:\USERS\H_NAKAMURA\DESKTOP\TFVIS2\TVIS2\DEBUG\R_ADVECTOR.OBJ
C:\USERS\H_NAKAMURA\DESKTOP\TFVIS2\TVIS2\DEBUG\R_DXWORD.OBJ
C:\USERS\H_NAKAMURA\DESKTOP\TFVIS2\TVIS2\DEBUG\R_FILE.OBJ
C:\USERS\H_NAKAMURA\DESKTOP\TFVIS2\TVIS2\DEBUG\R_INPUT.OBJ
C:\USERS\H_NAKAMURA\DESKTOP\TFVIS2\TVIS2\DEBUG\R_LIBCORE.OBJ
C:\USERS\H_NAKAMURA\DESKTOP\TFVIS2\TVIS2\DEBUG\R_LIST.OBJ
C:\USERS\H_NAKAMURA\DESKTOP\TFVIS2\TVIS2\DEBUG\R_MATH.OBJ
C:\USERS\H_NAKAMURA\DESKTOP\TFVIS2\TVIS2\DEBUG\R_MATHANGLE.OBJ
C:\USERS\H_NAKAMURA\DESKTOP\TFVIS2\TVIS2\DEBUG\R_MATHVECTOR.OBJ
C:\USERS\H_NAKAMURA\DESKTOP\TFVIS2\TVIS2\DEBUG\R_MATHWORD.OBJ
C:\USERS\H_NAKAMURA\DESKTOP\TFVIS2\TVIS2\DEBUG\R_RENDERER.OBJ
C:\USERS\H_NAKAMURA\DESKTOP\TFVIS2\TVIS2\DEBUG\R_RENDERINGTEXTURE.OBJ
C:\USERS\H_NAKAMURA\DESKTOP\TFVIS2\TVIS2\DEBUG\R_RENDERINGTEXTURENEST.OBJ
C:\USERS\H_NAKAMURA\DESKTOP\TFVIS2\TVIS2\DEBUG\R_RESOURCELIST.OBJ
C:\USERS\H_NAKAMURA\DESKTOP\TFVIS2\TVIS2\DEBUG\R_RESOURCENEST.OBJ
C:\USERS\H_NAKAMURA\DESKTOP\TFVIS2\TVIS2\DEBUG\R_SCREEN.OBJ
C:\USERS\H_NAKAMURA\DESKTOP\TFVIS2\TVIS2\DEBUG\R_SCREENDATA.OBJ
C:\USERS\H_NAKAMURA\DESKTOP\TFVIS2\TVIS2\DEBUG\R_SET.OBJ
C:\USERS\H_NAKAMURA\DESKTOP\TFVIS2\TVIS2\DEBUG\R_STRINGS.OBJ
C:\USERS\H_NAKAMURA\DESKTOP\TFVIS2\TVIS2\DEBUG\R_STRINGVECTOR.OBJ
C:\USERS\H_NAKAMURA\DESKTOP\TFVIS2\TVIS2\DEBUG\R_TEXT.OBJ
C:\USERS\H_NAKAMURA\DESKTOP\TFVIS2\TVIS2\DEBUG\R_WINDOW.OBJ
C:\USERS\H_NAKAMURA\DESKTOP\TFVIS2\TVIS2\DEBUG\R_WINDOWPRO.OBJ
C:\USERS\H_NAKAMURA\DESKTOP\TFVIS2\TVIS2\DEBUG\RL_2DPORIGON.OBJ
C:\USERS\H_NAKAMURA\DESKTOP\TFVIS2\TVIS2\DEBUG\RL_DOWNSAMPLING.OBJ
C:\USERS\H_NAKAMURA\DESKTOP\TFVIS2\TVIS2\DEBUG\RL_FIGURELIB.OBJ
C:\USERS\H_NAKAMURA\DESKTOP\TFVIS2\TVIS2\DEBUG\RL_FIGURENEST.OBJ
C:\USERS\H_NAKAMURA\DESKTOP\TFVIS2\TVIS2\DEBUG\RL_FISH.OBJ
C:\USERS\H_NAKAMURA\DESKTOP\TFVIS2\TVIS2\DEBUG\RL_READER.OBJ
C:\USERS\H_NAKAMURA\DESKTOP\TFVIS2\TVIS2\DEBUG\RL_TEXTURE.OBJ
C:\USERS\H_NAKAMURA\DESKTOP\TFVIS2\TVIS2\DEBUG\RL_TEXTURELIB.OBJ
C:\USERS\H_NAKAMURA\DESKTOP\TFVIS2\TVIS2\DEBUG\RL_TEXTURENEST.OBJ
C:\USERS\H_NAKAMURA\DESKTOP\TFVIS2\TVIS2\DEBUG\S_BASE.OBJ
C:\USERS\H_NAKAMURA\DESKTOP\TFVIS2\TVIS2\DEBUG\SELECTLIST.OBJ
C:\USERS\H_NAKAMURA\DESKTOP\TFVIS2\TVIS2\DEBUG\STRREADER.OBJ
C:\USERS\H_NAKAMURA\DESKTOP\TFVIS2\TVIS2\DEBUG\TVIS2.EXE
C:\USERS\H_NAKAMURA\DESKTOP\TFVIS2\TVIS2\DEBUG\TVIS2.EXE.EMBED.MANIFEST
C:\USERS\H_NAKAMURA\DESKTOP\TFVIS2\TVIS2\DEBUG\TVIS2.EXE.EMBED.MANIFEST.RES
C:\USERS\H_NAKAMURA\DESKTOP\TFVIS2\TVIS2\DEBUG\TVIS2.EXE.INTERMEDIATE.MANIFEST
C:\USERS\H_NAKAMURA\DESKTOP\TFVIS2\TVIS2\DEBUG\TVIS2.ILK
C:\USERS\H_NAKAMURA\DESKTOP\TFVIS2\TVIS2\DEBUG\TVIS2.PDB
C:\USERS\H_NAKAMURA\DESKTOP\TFVIS2\TVIS2\DEBUG\VC100.PDB
C:\Users\hiro\Desktop\TFVIS2\TVIS2\Debug\cl.command.1.tlog
C:\Users\hiro\Desktop\TFVIS2\TVIS2\Debug\CL.read.1.tlog
C:\Users\hiro\Desktop\TFVIS2\TVIS2\Debug\CL.write.1.tlog
C:\USERS\HIRO\DESKTOP\TFVIS2\TVIS2\DEBUG\CONP.OBJ
C:\USERS\HIRO\DESKTOP\TFVIS2\TVIS2\DEBUG\DATABASE.OBJ
C:\USERS\HIRO\DESKTOP\TFVIS2\TVIS2\DEBUG\DATATRANSITIONS.OBJ
C:\USERS\HIRO\DESKTOP\TFVIS2\TVIS2\DEBUG\DB_CREATEDTTABLE.OBJ
C:\USERS\HIRO\DESKTOP\TFVIS2\TVIS2\DEBUG\DB_LOAD.OBJ
C:\USERS\HIRO\DESKTOP\TFVIS2\TVIS2\DEBUG\DB_SETRELATION_METHODEXE.OBJ
C:\USERS\HIRO\DESKTOP\TFVIS2\TVIS2\DEBUG\DRAW.OBJ
C:\USERS\HIRO\DESKTOP\TFVIS2\TVIS2\DEBUG\DT_CODE.OBJ
C:\USERS\HIRO\DESKTOP\TFVIS2\TVIS2\DEBUG\DT_CONDITION.OBJ
C:\USERS\HIRO\DESKTOP\TFVIS2\TVIS2\DEBUG\DT_LOOP.OBJ
C:\USERS\HIRO\DESKTOP\TFVIS2\TVIS2\DEBUG\DT_METHOD.OBJ
C:\USERS\HIRO\DESKTOP\TFVIS2\TVIS2\DEBUG\DT_OTHERS.OBJ
C:\USERS\HIRO\DESKTOP\TFVIS2\TVIS2\DEBUG\DT_TABLE.OBJ
C:\USERS\HIRO\DESKTOP\TFVIS2\TVIS2\DEBUG\DT_VARIABLEUPDATE.OBJ
C:\USERS\HIRO\DESKTOP\TFVIS2\TVIS2\DEBUG\DTCOM.OBJ
C:\USERS\HIRO\DESKTOP\TFVIS2\TVIS2\DEBUG\DXCOMMON.OBJ
C:\USERS\HIRO\DESKTOP\TFVIS2\TVIS2\DEBUG\ED_FIGURES.OBJ
C:\USERS\HIRO\DESKTOP\TFVIS2\TVIS2\DEBUG\ED_METHODS.OBJ
C:\USERS\HIRO\DESKTOP\TFVIS2\TVIS2\DEBUG\ED_OTHER.OBJ
C:\USERS\HIRO\DESKTOP\TFVIS2\TVIS2\DEBUG\EVENT.OBJ
C:\USERS\HIRO\DESKTOP\TFVIS2\TVIS2\DEBUG\EXE.OBJ
C:\USERS\HIRO\DESKTOP\TFVIS2\TVIS2\DEBUG\EXECUTIONDIAGRAM.OBJ
C:\USERS\HIRO\DESKTOP\TFVIS2\TVIS2\DEBUG\EXEREADER.OBJ
C:\USERS\HIRO\DESKTOP\TFVIS2\TVIS2\DEBUG\GAME.OBJ
C:\USERS\HIRO\DESKTOP\TFVIS2\TVIS2\DEBUG\GAMEDEFINE.OBJ
C:\USERS\HIRO\DESKTOP\TFVIS2\TVIS2\DEBUG\LIGHTS.RES
C:\Users\hiro\Desktop\TFVIS2\TVIS2\Debug\Lights_2010.vcxprojResolveAssemblyReference.cache
C:\USERS\HIRO\DESKTOP\TFVIS2\TVIS2\DEBUG\LINEREADER.OBJ
C:\Users\hiro\Desktop\TFVIS2\TVIS2\Debug\link.7676.read.1.tlog
C:\Users\hiro\Desktop\TFVIS2\TVIS2\Debug\link.7676.write.1.tlog
C:\Users\hiro\Desktop\TFVIS2\TVIS2\Debug\link.7676-cvtres.read.1.tlog
C:\Users\hiro\Desktop\TFVIS2\TVIS2\Debug\link.7676-cvtres.write.1.tlog
C:\Users\hiro\Desktop\TFVIS2\TVIS2\Debug\link.7896.read.1.tlog
C:\Users\hiro\Desktop\TFVIS2\TVIS2\Debug\link.7896.write.1.tlog
C:\Users\hiro\Desktop\TFVIS2\TVIS2\Debug\link.7896-cvtres.read.1.tlog
C:\Users\hiro\Desktop\TFVIS2\TVIS2\Debug\link.7896-cvtres.write.1.tlog
C:\Users\hiro\Desktop\TFVIS2\TVIS2\Debug\link.command.1.tlog
C:\Users\hiro\Desktop\TFVIS2\TVIS2\Debug\link.read.1.tlog
C:\Users\hiro\Desktop\TFVIS2\TVIS2\Debug\link.write.1.tlog
C:\Users\hiro\Desktop\TFVIS2\TVIS2\Debug\link-cvtres.read.1.tlog
C:\Users\hiro\Desktop\TFVIS2\TVIS2\Debug\link-cvtres.write.1.tlog
C:\USERS\HIRO\DESKTOP\TFVIS2\TVIS2\DEBUG\MAIN.OBJ
C:\USERS\HIRO\DESKTOP\TFVIS2\TVIS2\DEBUG\MENU.OBJ
C:\USERS\HIRO\DESKTOP\TFVIS2\TVIS2\DEBUG\METHOD.OBJ
C:\Users\hiro\Desktop\TFVIS2\TVIS2\Debug\mt.command.1.tlog
C:\Users\hiro\Desktop\TFVIS2\TVIS2\Debug\mt.read.1.tlog
C:\Users\hiro\Desktop\TFVIS2\TVIS2\Debug\mt.write.1.tlog
C:\USERS\HIRO\DESKTOP\TFVIS2\TVIS2\DEBUG\ORFUN_DXWORD.OBJ
C:\USERS\HIRO\DESKTOP\TFVIS2\TVIS2\DEBUG\ORFUN_IUPUT.OBJ
C:\USERS\HIRO\DESKTOP\TFVIS2\TVIS2\DEBUG\ORFUN_LIBCORE.OBJ
C:\USERS\HIRO\DESKTOP\TFVIS2\TVIS2\DEBUG\ORFUN_RENDERINGTEXTURE.OBJ
C:\USERS\HIRO\DESKTOP\TFVIS2\TVIS2\DEBUG\ORFUN_WINDOW.OBJ
C:\USERS\HIRO\DESKTOP\TFVIS2\TVIS2\DEBUG\OTHERS.OBJ
C:\USERS\HIRO\DESKTOP\TFVIS2\TVIS2\DEBUG\OUTPUT.OBJ
C:\USERS\HIRO\DESKTOP\TFVIS2\TVIS2\DEBUG\R_ADVECTOR.OBJ
C:\USERS\HIRO\DESKTOP\TFVIS2\TVIS2\DEBUG\R_DXWORD.OBJ
C:\USERS\HIRO\DESKTOP\TFVIS2\TVIS2\DEBUG\R_FILE.OBJ
C:\USERS\HIRO\DESKTOP\TFVIS2\TVIS2\DEBUG\R_INPUT.OBJ
C:\USERS\HIRO\DESKTOP\TFVIS2\TVIS2\DEBUG\R_LIBCORE.OBJ
C:\USERS\HIRO\DESKTOP\TFVIS2\TVIS2\DEBUG\R_LIST.OBJ
C:\USERS\HIRO\DESKTOP\TFVIS2\TVIS2\DEBUG\R_MATH.OBJ
C:\USERS\HIRO\DESKTOP\TFVIS2\TVIS2\DEBUG\R_MATHANGLE.OBJ
C:\USERS\HIRO\DESKTOP\TFVIS2\TVIS2\DEBUG\R_MATHVECTOR.OBJ
C:\USERS\HIRO\DESKTOP\TFVIS2\TVIS2\DEBUG\R_MATHWORD.OBJ
C:\USERS\HIRO\DESKTOP\TFVIS2\TVIS2\DEBUG\R_RENDERER.OBJ
C:\USERS\HIRO\DESKTOP\TFVIS2\TVIS2\DEBUG\R_RENDERINGTEXTURE.OBJ
C:\USERS\HIRO\DESKTOP\TFVIS2\TVIS2\DEBUG\R_RENDERINGTEXTURENEST.OBJ
C:\USERS\HIRO\DESKTOP\TFVIS2\TVIS2\DEBUG\R_RESOURCELIST.OBJ
C:\USERS\HIRO\DESKTOP\TFVIS2\TVIS2\DEBUG\R_RESOURCENEST.OBJ
C:\USERS\HIRO\DESKTOP\TFVIS2\TVIS2\DEBUG\R_SCREEN.OBJ
C:\USERS\HIRO\DESKTOP\TFVIS2\TVIS2\DEBUG\R_SCREENDATA.OBJ
C:\USERS\HIRO\DESKTOP\TFVIS2\TVIS2\DEBUG\R_SET.OBJ
C:\USERS\HIRO\DESKTOP\TFVIS2\TVIS2\DEBUG\R_STRINGS.OBJ
C:\USERS\HIRO\DESKTOP\TFVIS2\TVIS2\DEBUG\R_STRINGVECTOR.OBJ
C:\USERS\HIRO\DESKTOP\TFVIS2\TVIS2\DEBUG\R_TEXT.OBJ
C:\USERS\HIRO\DESKTOP\TFVIS2\TVIS2\DEBUG\R_WINDOW.OBJ
C:\USERS\HIRO\DESKTOP\TFVIS2\TVIS2\DEBUG\R_WINDOWPRO.OBJ
C:\Users\hiro\Desktop\TFVIS2\TVIS2\Debug\rc.command.1.tlog
C:\Users\hiro\Desktop\TFVIS2\TVIS2\Debug\rc.read.1.tlog
C:\Users\hiro\Desktop\TFVIS2\TVIS2\Debug\rc.write.1.tlog
C:\USERS\HIRO\DESKTOP\TFVIS2\TVIS2\DEBUG\RL_2DPORIGON.OBJ
C:\USERS\HIRO\DESKTOP\TFVIS2\TVIS2\DEBUG\RL_DOWNSAMPLING.OBJ
C:\USERS\HIRO\DESKTOP\TFVIS2\TVIS2\DEBUG\RL_FIGURELIB.OBJ
C:\USERS\HIRO\DESKTOP\TFVIS2\TVIS2\DEBUG\RL_FIGURENEST.OBJ
C:\USERS\HIRO\DESKTOP\TFVIS2\TVIS2\DEBUG\RL_FISH.OBJ
C:\USERS\HIRO\DESKTOP\TFVIS2\TVIS2\DEBUG\RL_READER.OBJ
C:\USERS\HIRO\DESKTOP\TFVIS2\TVIS2\DEBUG\RL_TEXTURE.OBJ
C:\USERS\HIRO\DESKTOP\TFVIS2\TVIS2\DEBUG\RL_TEXTURELIB.OBJ
C:\USERS\HIRO\DESKTOP\TFVIS2\TVIS2\DEBUG\RL_TEXTURENEST.OBJ
C:\USERS\HIRO\DESKTOP\TFVIS2\TVIS2\DEBUG\S_BASE.OBJ
C:\USERS\HIRO\DESKTOP\TFVIS2\TVIS2\DEBUG\SELECTLIST.OBJ
C:\USERS\HIRO\DESKTOP\TFVIS2\TVIS2\DEBUG\STRREADER.OBJ
C:\USERS\HIRO\DESKTOP\TFVIS2\TVIS2\DEBUG\TVIS2.EXE
C:\Users\hiro\Desktop\TFVIS2\TVIS2\Debug\TVIS2.exe.embed.manifest
C:\USERS\HIRO\DESKTOP\TFVIS2\TVIS2\DEBUG\TVIS2.EXE.EMBED.MANIFEST.RES
C:\USERS\HIRO\DESKTOP\TFVIS2\TVIS2\DEBUG\TVIS2.EXE.INTERMEDIATE.MANIFEST
C:\USERS\HIRO\DESKTOP\TFVIS2\TVIS2\DEBUG\TVIS2.ILK
C:\USERS\HIRO\DESKTOP\TFVIS2\TVIS2\DEBUG\TVIS2.PDB
C:\Users\hiro\Desktop\TFVIS2\TVIS2\Debug\TVIS2.write.1.tlog
C:\Users\hiro\Desktop\TFVIS2\TVIS2\Debug\TVIS2_manifest.rc
C:\Users\hiro\Desktop\TFVIS2\TVIS2\Debug\vc100.idb
C:\USERS\HIRO\DESKTOP\TFVIS2\TVIS2\DEBUG\VC100.PDB
